<?xml version="1.0" encoding="UTF-8"?>
<!-- Generated by org.testng.reporters.JUnitReportReporter -->
<testsuite hostname="DESKTOP-LHVEUFN" failures="0" tests="1" name="com.bobcares.testcases.TC7_Ask_a_question" time="17.518" errors="0" timestamp="2022-11-22T17:45:10 IST" skipped="0">
  <testcase classname="com.bobcares.testcases.TC7_Ask_a_question" name="TC7" time="17.518"/>
  <system-out/>
</testsuite> <!-- com.bobcares.testcases.TC7_Ask_a_question -->
