<?xml version="1.0" encoding="UTF-8"?>
<!-- Generated by org.testng.reporters.JUnitReportReporter -->
<testsuite hostname="DESKTOP-LHVEUFN" failures="0" tests="1" name="com.bobcares.testcases.TC5_supported_techologies_link" time="20.469" errors="0" timestamp="2022-11-22T17:45:10 IST" skipped="0">
  <testcase classname="com.bobcares.testcases.TC5_supported_techologies_link" name="TC5" time="20.469"/>
  <system-out/>
</testsuite> <!-- com.bobcares.testcases.TC5_supported_techologies_link -->
