<?xml version="1.0" encoding="UTF-8"?>
<!-- Generated by org.testng.reporters.JUnitReportReporter -->
<testsuite hostname="DESKTOP-LHVEUFN" failures="0" tests="1" name="com.bobcares.testcases.TC8_submit_btn_check" time="18.718" errors="0" timestamp="2022-11-22T17:45:10 IST" skipped="0">
  <testcase classname="com.bobcares.testcases.TC8_submit_btn_check" name="TC8" time="18.718"/>
  <system-out/>
</testsuite> <!-- com.bobcares.testcases.TC8_submit_btn_check -->
