<?xml version="1.0" encoding="UTF-8"?>
<!-- Generated by org.testng.reporters.JUnitReportReporter -->
<testsuite hostname="DESKTOP-LHVEUFN" failures="0" tests="1" name="com.bobcares.testcases.TC2_YearlyBilling_ServerManagementAndMonitoring" time="28.301" errors="0" timestamp="2022-07-05T15:59:15 IST" skipped="0">
  <testcase classname="com.bobcares.testcases.TC2_YearlyBilling_ServerManagementAndMonitoring" name="TC_2" time="28.301"/>
  <system-out/>
</testsuite> <!-- com.bobcares.testcases.TC2_YearlyBilling_ServerManagementAndMonitoring -->
