<?xml version="1.0" encoding="UTF-8"?>
<!-- Generated by org.testng.reporters.JUnitReportReporter -->
<testsuite hostname="DESKTOP-LHVEUFN" failures="0" tests="4" name="com.bobcares.testcases.DDT_TC" time="21.171" errors="0" timestamp="2022-06-23T12:00:19 IST" skipped="0">
  <testcase classname="com.bobcares.testcases.DDT_TC" name="tc2" time="6.494"/>
  <system-out/>
  <testcase classname="com.bobcares.testcases.DDT_TC" name="tc2" time="5.471"/>
  <system-out/>
  <testcase classname="com.bobcares.testcases.DDT_TC" name="tc2" time="4.481"/>
  <system-out/>
  <testcase classname="com.bobcares.testcases.DDT_TC" name="tc2" time="4.725"/>
  <system-out/>
</testsuite> <!-- com.bobcares.testcases.DDT_TC -->
