<?xml version="1.0" encoding="UTF-8"?>
<!-- Generated by org.testng.reporters.JUnitReportReporter -->
<testsuite hostname="DESKTOP-LHVEUFN" failures="0" tests="1" name="com.bobcares.testcases.TC1" time="2.142" errors="0" timestamp="2022-06-23T12:00:19 IST" skipped="0">
  <testcase classname="com.bobcares.testcases.TC1" name="tc1" time="2.142"/>
  <system-out/>
</testsuite> <!-- com.bobcares.testcases.TC1 -->
