<?xml version="1.0" encoding="UTF-8"?>
<!-- Generated by org.testng.reporters.JUnitReportReporter -->
<testsuite hostname="DESKTOP-LHVEUFN" failures="0" tests="4" name="com.bobcares.testcases.DDT_TC" time="22.796" errors="0" timestamp="2022-06-23T10:52:32 IST" skipped="0">
  <testcase classname="com.bobcares.testcases.DDT_TC" name="tc2" time="7.895"/>
  <system-out/>
  <testcase classname="com.bobcares.testcases.DDT_TC" name="tc2" time="5.269"/>
  <system-out/>
  <testcase classname="com.bobcares.testcases.DDT_TC" name="tc2" time="4.796"/>
  <system-out/>
  <testcase classname="com.bobcares.testcases.DDT_TC" name="tc2" time="4.836"/>
  <system-out/>
</testsuite> <!-- com.bobcares.testcases.DDT_TC -->
