<?xml version="1.0" encoding="UTF-8"?>
<!-- Generated by org.testng.reporters.JUnitReportReporter -->
<testsuite hostname="DESKTOP-LHVEUFN" failures="0" tests="1" name="com.bobcares.testcases.TC1_MonthlyBilling_ServerManagementAndMonitoring" time="28.577" errors="0" timestamp="2022-07-05T15:59:15 IST" skipped="0">
  <testcase classname="com.bobcares.testcases.TC1_MonthlyBilling_ServerManagementAndMonitoring" name="TC_1" time="28.577"/>
  <system-out/>
</testsuite> <!-- com.bobcares.testcases.TC1_MonthlyBilling_ServerManagementAndMonitoring -->
