<?xml version="1.0" encoding="UTF-8"?>
<!-- Generated by org.testng.reporters.JUnitReportReporter -->
<testsuite hostname="DESKTOP-LHVEUFN" failures="0" tests="1" name="com.bobcares.testcases.TC1_MonthlyBilling_ServerManagementAndMonitoring" time="37.595" errors="0" timestamp="30 Jun 2022 04:55:56 GMT">
  <testcase classname="com.bobcares.testcases.TC1_MonthlyBilling_ServerManagementAndMonitoring" name="f" time="37.595"/>
</testsuite> <!-- com.bobcares.testcases.TC1_MonthlyBilling_ServerManagementAndMonitoring -->
