<?xml version="1.0" encoding="UTF-8"?>
<!-- Generated by org.testng.reporters.JUnitReportReporter -->
<testsuite hostname="DESKTOP-LHVEUFN" failures="0" tests="30" name="TC.stage_4_class1" time="710.910" errors="2" timestamp="2022-06-23T10:16:40 IST" skipped="0">
  <testcase classname="TC.stage_4_class1" name="f1" time="14.145"/>
  <system-out>
    <![CDATA[username is agni
password is Test@123
click_login]]>
  </system-out>
  <testcase classname="TC.stage_4_class1" name="f2" time="23.289"/>
  <system-out>
    <![CDATA[username is agni
password is Test@123
click_login]]>
  </system-out>
  <testcase classname="TC.stage_4_class1" name="f4" time="23.214"/>
  <system-out>
    <![CDATA[username is agni
password is Test@123
click_login]]>
  </system-out>
  <testcase classname="TC.stage_4_class1" name="f3" time="19.697"/>
  <system-out>
    <![CDATA[username is agni
password is Test@123
click_login]]>
  </system-out>
  <testcase classname="TC.stage_4_class1" name="f5" time="19.241"/>
  <system-out>
    <![CDATA[username is agni
password is Test@123
click_login]]>
  </system-out>
  <testcase classname="TC.stage_4_class1" name="f6" time="15.804"/>
  <system-out>
    <![CDATA[username is agni
password is Test@123
click_login]]>
  </system-out>
  <testcase classname="TC.stage_4_class1" name="f7" time="19.314"/>
  <system-out>
    <![CDATA[username is agni
password is Test@123
click_login]]>
  </system-out>
  <testcase classname="TC.stage_4_class1" name="f8" time="17.343">
    <error type="java.lang.Exception">
      <![CDATA[java.lang.Exception
at TC.stage_4_class1.f8(stage_4_class1.java:485)
at java.base/jdk.internal.reflect.NativeMethodAccessorImpl.invoke0(Native Method)
at java.base/jdk.internal.reflect.NativeMethodAccessorImpl.invoke(NativeMethodAccessorImpl.java:77)
at java.base/jdk.internal.reflect.DelegatingMethodAccessorImpl.invoke(DelegatingMethodAccessorImpl.java:43)
at java.base/java.lang.reflect.Method.invoke(Method.java:568)
at org.testng.internal.MethodInvocationHelper.invokeMethod(MethodInvocationHelper.java:133)
at org.testng.internal.TestInvoker.invokeMethod(TestInvoker.java:598)
at org.testng.internal.TestInvoker.invokeTestMethod(TestInvoker.java:173)
at org.testng.internal.MethodRunner.runInSequence(MethodRunner.java:46)
at org.testng.internal.TestInvoker$MethodInvocationAgent.invoke(TestInvoker.java:824)
at org.testng.internal.TestInvoker.invokeTestMethods(TestInvoker.java:146)
at org.testng.internal.TestMethodWorker.invokeTestMethods(TestMethodWorker.java:146)
at org.testng.internal.TestMethodWorker.run(TestMethodWorker.java:128)
at java.base/java.util.ArrayList.forEach(ArrayList.java:1511)
at org.testng.TestRunner.privateRun(TestRunner.java:794)
at org.testng.TestRunner.run(TestRunner.java:596)
at org.testng.SuiteRunner.runTest(SuiteRunner.java:377)
at org.testng.SuiteRunner.runSequentially(SuiteRunner.java:371)
at org.testng.SuiteRunner.privateRun(SuiteRunner.java:332)
at org.testng.SuiteRunner.run(SuiteRunner.java:276)
at org.testng.SuiteRunnerWorker.runSuite(SuiteRunnerWorker.java:53)
at org.testng.SuiteRunnerWorker.run(SuiteRunnerWorker.java:96)
at org.testng.TestNG.runSuitesSequentially(TestNG.java:1212)
at org.testng.TestNG.runSuitesLocally(TestNG.java:1134)
at org.testng.TestNG.runSuites(TestNG.java:1063)
at org.testng.TestNG.run(TestNG.java:1031)
at org.testng.remote.AbstractRemoteTestNG.run(AbstractRemoteTestNG.java:115)
at org.testng.remote.RemoteTestNG.initAndRun(RemoteTestNG.java:251)
at org.testng.remote.RemoteTestNG.main(RemoteTestNG.java:77)
]]>
    </error>
  </testcase> <!-- f8 -->
  <system-out>
    <![CDATA[username is agni
password is Test@123
click_login]]>
  </system-out>
  <testcase classname="TC.stage_4_class1" name="f9" time="21.706">
    <error type="java.lang.Exception">
      <![CDATA[java.lang.Exception
at TC.stage_4_class1.f9(stage_4_class1.java:583)
at java.base/jdk.internal.reflect.NativeMethodAccessorImpl.invoke0(Native Method)
at java.base/jdk.internal.reflect.NativeMethodAccessorImpl.invoke(NativeMethodAccessorImpl.java:77)
at java.base/jdk.internal.reflect.DelegatingMethodAccessorImpl.invoke(DelegatingMethodAccessorImpl.java:43)
at java.base/java.lang.reflect.Method.invoke(Method.java:568)
at org.testng.internal.MethodInvocationHelper.invokeMethod(MethodInvocationHelper.java:133)
at org.testng.internal.TestInvoker.invokeMethod(TestInvoker.java:598)
at org.testng.internal.TestInvoker.invokeTestMethod(TestInvoker.java:173)
at org.testng.internal.MethodRunner.runInSequence(MethodRunner.java:46)
at org.testng.internal.TestInvoker$MethodInvocationAgent.invoke(TestInvoker.java:824)
at org.testng.internal.TestInvoker.invokeTestMethods(TestInvoker.java:146)
at org.testng.internal.TestMethodWorker.invokeTestMethods(TestMethodWorker.java:146)
at org.testng.internal.TestMethodWorker.run(TestMethodWorker.java:128)
at java.base/java.util.ArrayList.forEach(ArrayList.java:1511)
at org.testng.TestRunner.privateRun(TestRunner.java:794)
at org.testng.TestRunner.run(TestRunner.java:596)
at org.testng.SuiteRunner.runTest(SuiteRunner.java:377)
at org.testng.SuiteRunner.runSequentially(SuiteRunner.java:371)
at org.testng.SuiteRunner.privateRun(SuiteRunner.java:332)
at org.testng.SuiteRunner.run(SuiteRunner.java:276)
at org.testng.SuiteRunnerWorker.runSuite(SuiteRunnerWorker.java:53)
at org.testng.SuiteRunnerWorker.run(SuiteRunnerWorker.java:96)
at org.testng.TestNG.runSuitesSequentially(TestNG.java:1212)
at org.testng.TestNG.runSuitesLocally(TestNG.java:1134)
at org.testng.TestNG.runSuites(TestNG.java:1063)
at org.testng.TestNG.run(TestNG.java:1031)
at org.testng.remote.AbstractRemoteTestNG.run(AbstractRemoteTestNG.java:115)
at org.testng.remote.RemoteTestNG.initAndRun(RemoteTestNG.java:251)
at org.testng.remote.RemoteTestNG.main(RemoteTestNG.java:77)
]]>
    </error>
  </testcase> <!-- f9 -->
  <system-out>
    <![CDATA[username is agni
password is Test@123
click_login]]>
  </system-out>
  <testcase classname="TC.stage_4_class1" name="f10" time="31.050"/>
  <system-out>
    <![CDATA[username is agni
password is Test@123
click_login]]>
  </system-out>
  <testcase classname="TC.stage_4_class1" name="f11" time="29.997"/>
  <system-out>
    <![CDATA[username is agni
password is Test@123
click_login]]>
  </system-out>
  <testcase classname="TC.stage_4_class1" name="f12" time="27.217"/>
  <system-out>
    <![CDATA[username is agni
password is Test@123
click_login]]>
  </system-out>
  <testcase classname="TC.stage_4_class1" name="f13" time="18.253"/>
  <system-out>
    <![CDATA[username is agni
password is Test@123
click_login]]>
  </system-out>
  <testcase classname="TC.stage_4_class1" name="f14" time="30.751"/>
  <system-out>
    <![CDATA[username is agni
password is Test@123
click_login]]>
  </system-out>
  <testcase classname="TC.stage_4_class1" name="f16" time="30.270"/>
  <system-out>
    <![CDATA[username is agni
password is Test@123
click_login]]>
  </system-out>
  <testcase classname="TC.stage_4_class1" name="f15" time="24.941"/>
  <system-out>
    <![CDATA[username is agni
password is Test@123
click_login]]>
  </system-out>
  <testcase classname="TC.stage_4_class1" name="f17" time="16.908"/>
  <system-out>
    <![CDATA[username is agni
password is Test@123
click_login]]>
  </system-out>
  <testcase classname="TC.stage_4_class1" name="f18" time="17.765"/>
  <system-out>
    <![CDATA[username is agni
password is Test@123
click_login]]>
  </system-out>
  <testcase classname="TC.stage_4_class1" name="f19" time="21.318"/>
  <system-out>
    <![CDATA[username is agni
password is Test@123
click_login]]>
  </system-out>
  <testcase classname="TC.stage_4_class1" name="f20" time="28.741"/>
  <system-out>
    <![CDATA[username is agni
password is Test@123
click_login]]>
  </system-out>
  <testcase classname="TC.stage_4_class1" name="f22" time="31.802"/>
  <system-out>
    <![CDATA[username is agni
password is Test@123
click_login]]>
  </system-out>
  <testcase classname="TC.stage_4_class1" name="f21" time="28.362"/>
  <system-out>
    <![CDATA[username is agni
password is Test@123
click_login]]>
  </system-out>
  <testcase classname="TC.stage_4_class1" name="f23" time="22.854"/>
  <system-out>
    <![CDATA[username is agni
password is Test@123
click_login]]>
  </system-out>
  <testcase classname="TC.stage_4_class1" name="f24" time="32.760"/>
  <system-out>
    <![CDATA[username is agni
password is Test@123
click_login]]>
  </system-out>
  <testcase classname="TC.stage_4_class1" name="f25" time="25.211"/>
  <system-out>
    <![CDATA[username is agni
password is Test@123
click_login]]>
  </system-out>
  <testcase classname="TC.stage_4_class1" name="f26" time="18.297"/>
  <system-out>
    <![CDATA[username is agni
password is Test@123
click_login]]>
  </system-out>
  <testcase classname="TC.stage_4_class1" name="f27" time="18.161"/>
  <system-out>
    <![CDATA[username is agni
password is Test@123
click_login]]>
  </system-out>
  <testcase classname="TC.stage_4_class1" name="f28" time="25.926"/>
  <system-out>
    <![CDATA[username is agni
password is Test@123
click_login]]>
  </system-out>
  <testcase classname="TC.stage_4_class1" name="f29" time="20.006"/>
  <system-out>
    <![CDATA[username is agni
password is Test@123
click_login]]>
  </system-out>
  <testcase classname="TC.stage_4_class1" name="f30" time="36.567"/>
  <system-out>
    <![CDATA[username is agni
password is Test@123
click_login]]>
  </system-out>
</testsuite> <!-- TC.stage_4_class1 -->
