<?xml version="1.0" encoding="UTF-8"?>
<!-- Generated by org.testng.reporters.JUnitReportReporter -->
<testsuite hostname="DESKTOP-LHVEUFN" failures="0" tests="1" name="TC.test" time="32.709" errors="0" timestamp="2022-06-23T10:04:26 IST" skipped="0">
  <testcase classname="TC.test" name="f10" time="32.709"/>
  <system-out>
    <![CDATA[username is agni
password is Test@123
click_login]]>
  </system-out>
</testsuite> <!-- TC.test -->
