<?xml version="1.0" encoding="UTF-8"?>
<!-- Generated by org.testng.reporters.JUnitReportReporter -->
<testsuite hostname="DESKTOP-LHVEUFN" failures="0" tests="1" name="com.bobcares.testcases.TC1" time="10.305" errors="0" timestamp="2022-06-28T16:41:49 IST" skipped="0">
  <testcase classname="com.bobcares.testcases.TC1" name="tc1" time="10.305"/>
  <system-out/>
</testsuite> <!-- com.bobcares.testcases.TC1 -->
