<?xml version="1.0" encoding="UTF-8"?>
<!-- Generated by org.testng.reporters.JUnitReportReporter -->
<testsuite hostname="DESKTOP-LHVEUFN" failures="0" tests="1" name="com.bobcares.testcases.review_fetch" time="28.549" errors="0" timestamp="2022-11-29T10:22:08 IST" skipped="0">
  <testcase classname="com.bobcares.testcases.review_fetch" name="f1" time="28.549"/>
  <system-out/>
</testsuite> <!-- com.bobcares.testcases.review_fetch -->
