<?xml version="1.0" encoding="UTF-8"?>
<!-- Generated by org.testng.reporters.JUnitReportReporter -->
<testsuite hostname="DESKTOP-LHVEUFN" failures="0" tests="1" name="com.bobcares.testcases.TC4_YearlyBilling_LimitelessServerManagement" time="23.010" errors="0" timestamp="2022-10-06T16:58:49 IST" skipped="0">
  <testcase classname="com.bobcares.testcases.TC4_YearlyBilling_LimitelessServerManagement" name="TC4" time="23.010"/>
  <system-out/>
</testsuite> <!-- com.bobcares.testcases.TC4_YearlyBilling_LimitelessServerManagement -->
